<?xml version="1.0" encoding="UTF-8"?>
<!-- Generated by org.testng.reporters.JUnitXMLReporter -->
<testsuite hostname="CHNIDCCON170" name="FREE CRM Test" tests="1" failures="1" timestamp="15 Jun 2020 15:21:35 GMT" time="97.3" errors="0">
  <testcase name="feature" time="96.855" classname="MyRunner.TestRunnerTestNG">
    <failure type="cucumber.runtime.CucumberException" message="java.lang.NoSuchMethodError: org.testng.asserts.SoftAssert.assertAll(Ljava/lang/String;)V">
      <![CDATA[cucumber.runtime.CucumberException: java.lang.NoSuchMethodError: org.testng.asserts.SoftAssert.assertAll(Ljava/lang/String;)V
	at cucumber.api.testng.TestNGCucumberRunner.runCucumber(TestNGCucumberRunner.java:69)
	at MyRunner.TestRunnerTestNG.feature(TestRunnerTestNG.java:37)
	at java.util.concurrent.FutureTask.run(Unknown Source)
	at java.util.concurrent.ThreadPoolExecutor.runWorker(Unknown Source)
	at java.util.concurrent.ThreadPoolExecutor$Worker.run(Unknown Source)
	at java.lang.Thread.run(Unknown Source)
	at stepDefinitions.LoginStepDefinition.title_of_login_page_is_free_CRM(LoginStepDefinition.java:54)
	at ✽.When title of login page is "YouTube"(login.feature:4)
... Removed 17 stack frames]]>
    </failure>
  </testcase> <!-- feature -->
</testsuite> <!-- FREE CRM Test -->
