<?xml version="1.0" encoding="UTF-8"?>
<testng-results skipped="0" failed="0" total="1" passed="1">
  <reporter-output>
  </reporter-output>
  <suite name="Default suite" duration-ms="82167" started-at="2020-06-15T18:54:34Z" finished-at="2020-06-15T18:55:56Z">
    <groups>
      <group name="cucumber">
        <method signature="TestRunnerTestNG.feature(cucumber.api.testng.CucumberFeatureWrapper)[pri:0, instance:MyRunner.TestRunnerTestNG@1251891]" name="feature" class="MyRunner.TestRunnerTestNG"/>
      </group> <!-- cucumber -->
    </groups>
    <test name="Default test" duration-ms="82167" started-at="2020-06-15T18:54:34Z" finished-at="2020-06-15T18:55:56Z">
      <class name="MyRunner.TestRunnerTestNG">
        <test-method status="PASS" signature="setUpClass()[pri:0, instance:MyRunner.TestRunnerTestNG@1251891]" name="setUpClass" is-config="true" duration-ms="430" started-at="2020-06-16T00:24:34Z" finished-at="2020-06-16T00:24:34Z">
          <reporter-output>
          </reporter-output>
        </test-method> <!-- setUpClass -->
        <test-method status="PASS" signature="feature(cucumber.api.testng.CucumberFeatureWrapper)[pri:0, instance:MyRunner.TestRunnerTestNG@1251891]" name="feature" duration-ms="81602" started-at="2020-06-16T00:24:35Z" description="Runs Cucumber Feature" data-provider="features" finished-at="2020-06-16T00:25:56Z">
          <params>
            <param index="0">
              <value>
                <![CDATA[Free CRM Login Feature]]>
              </value>
            </param>
          </params>
          <reporter-output>
          </reporter-output>
        </test-method> <!-- feature -->
        <test-method status="PASS" signature="tearDownClass()[pri:0, instance:MyRunner.TestRunnerTestNG@1251891]" name="tearDownClass" is-config="true" duration-ms="24" started-at="2020-06-16T00:25:56Z" finished-at="2020-06-16T00:25:56Z">
          <reporter-output>
          </reporter-output>
        </test-method> <!-- tearDownClass -->
      </class> <!-- MyRunner.TestRunnerTestNG -->
    </test> <!-- Default test -->
  </suite> <!-- Default suite -->
</testng-results>
